<?xml version="1.0" encoding="UTF-8" standalone="no"?>
<testsuite failures="0" name="cucumber.runtime.formatter.JUnitFormatter" skipped="0" tests="1" time="8.845845">
<testcase classname="Login Feature Test" name="Login Feature" time="8.845845">
<system-out><![CDATA[Given user opens browser....................................................passed
Then user is on login page..................................................passed
Then user enters username and password and logs into app....................passed
]]></system-out>
</testcase>
</testsuite>
