<?xml version="1.0" encoding="UTF-8"?>
<testng-results skipped="0" failed="0" ignored="0" total="1" passed="1">
  <reporter-output>
    <line>
      <![CDATA[LOG : INFO - Config File loaded]]>
    </line>
    <line>
      <![CDATA[LOG : INFO - Config File loaded]]>
    </line>
    <line>
      <![CDATA[LOG : INFO - Config File loaded]]>
    </line>
    <line>
      <![CDATA[LOG : INFO - Config File loaded]]>
    </line>
    <line>
      <![CDATA[LOG : INFO - Config File loaded]]>
    </line>
    <line>
      <![CDATA[LOG : INFO - Config File loaded]]>
    </line>
    <line>
      <![CDATA[LOG : INFO - Config File loaded]]>
    </line>
    <line>
      <![CDATA[LOG : INFO - Config File loaded]]>
    </line>
    <line>
      <![CDATA[LOG : INFO - Config File loaded]]>
    </line>
    <line>
      <![CDATA[LOG : INFO - Config File loaded]]>
    </line>
    <line>
      <![CDATA[LOG : INFO - Config File loaded]]>
    </line>
    <line>
      <![CDATA[LOG : INFO - Config File loaded]]>
    </line>
    <line>
      <![CDATA[LOG : INFO - Config File loaded]]>
    </line>
    <line>
      <![CDATA[LOG : INFO - Config File loaded]]>
    </line>
    <line>
      <![CDATA[LOG : INFO - Config File loaded]]>
    </line>
    <line>
      <![CDATA[LOG : INFO - Config File loaded]]>
    </line>
    <line>
      <![CDATA[LOG : INFO - Config File loaded]]>
    </line>
    <line>
      <![CDATA[LOG : INFO - Config File loaded]]>
    </line>
  </reporter-output>
  <suite name="OneSight BDD Suite" duration-ms="37083" started-at="2019-09-10T06:33:18Z" finished-at="2019-09-10T06:33:55Z">
    <groups>
      <group name="cucumber">
        <method signature="AbstractTestNGCucumberTests.feature(cucumber.api.testng.CucumberFeatureWrapper)[pri:0, instance:com.os.qa.runner.TestRunner@5056dfcb]" name="feature" class="cucumber.api.testng.AbstractTestNGCucumberTests"/>
      </group> <!-- cucumber -->
    </groups>
    <test name="OneSight Smoke Testing" duration-ms="37083" started-at="2019-09-10T06:33:18Z" finished-at="2019-09-10T06:33:55Z">
      <class name="com.os.qa.runner.TestRunner">
        <test-method status="PASS" signature="setUpClass()[pri:0, instance:com.os.qa.runner.TestRunner@5056dfcb]" name="setUpClass" is-config="true" duration-ms="325" started-at="2019-09-10T06:33:18Z" finished-at="2019-09-10T06:33:19Z">
          <reporter-output>
          </reporter-output>
        </test-method> <!-- setUpClass -->
        <test-method status="PASS" signature="feature(cucumber.api.testng.CucumberFeatureWrapper)[pri:0, instance:com.os.qa.runner.TestRunner@5056dfcb]" name="feature" duration-ms="36614" started-at="2019-09-10T06:33:19Z" description="Runs Cucumber Feature" data-provider="features" finished-at="2019-09-10T06:33:55Z">
          <params>
            <param index="0">
              <value>
                <![CDATA[Login Feature Test]]>
              </value>
            </param>
          </params>
          <reporter-output>
            <line>
              <![CDATA[LOG : INFO - Config File loaded]]>
            </line>
            <line>
              <![CDATA[LOG : INFO - Config File loaded]]>
            </line>
            <line>
              <![CDATA[LOG : INFO - Config File loaded]]>
            </line>
            <line>
              <![CDATA[LOG : INFO - Config File loaded]]>
            </line>
            <line>
              <![CDATA[LOG : INFO - Config File loaded]]>
            </line>
            <line>
              <![CDATA[LOG : INFO - Config File loaded]]>
            </line>
            <line>
              <![CDATA[LOG : INFO - Config File loaded]]>
            </line>
            <line>
              <![CDATA[LOG : INFO - Config File loaded]]>
            </line>
            <line>
              <![CDATA[LOG : INFO - Config File loaded]]>
            </line>
            <line>
              <![CDATA[LOG : INFO - Config File loaded]]>
            </line>
            <line>
              <![CDATA[LOG : INFO - Config File loaded]]>
            </line>
            <line>
              <![CDATA[LOG : INFO - Config File loaded]]>
            </line>
            <line>
              <![CDATA[LOG : INFO - Config File loaded]]>
            </line>
            <line>
              <![CDATA[LOG : INFO - Config File loaded]]>
            </line>
            <line>
              <![CDATA[LOG : INFO - Config File loaded]]>
            </line>
            <line>
              <![CDATA[LOG : INFO - Config File loaded]]>
            </line>
            <line>
              <![CDATA[LOG : INFO - Config File loaded]]>
            </line>
            <line>
              <![CDATA[LOG : INFO - Config File loaded]]>
            </line>
          </reporter-output>
        </test-method> <!-- feature -->
        <test-method status="PASS" signature="tearDownClass()[pri:0, instance:com.os.qa.runner.TestRunner@5056dfcb]" name="tearDownClass" is-config="true" duration-ms="16" started-at="2019-09-10T06:33:55Z" finished-at="2019-09-10T06:33:55Z">
          <reporter-output>
          </reporter-output>
        </test-method> <!-- tearDownClass -->
      </class> <!-- com.os.qa.runner.TestRunner -->
    </test> <!-- OneSight Smoke Testing -->
  </suite> <!-- OneSight BDD Suite -->
</testng-results>
