<?xml version="1.0" encoding="UTF-8"?>
<!-- Generated by org.testng.reporters.JUnitXMLReporter -->
<testsuite hostname="os-2k12-vm385" ignored="0" name="OneSight Smoke Testing" tests="1" failures="1" timestamp="10 Sep 2019 06:01:19 GMT" time="31.951" errors="0">
  <testcase name="feature" time="31.466" classname="cucumber.api.testng.AbstractTestNGCucumberTests">
    <failure type="cucumber.runtime.CucumberException" message="org.openqa.selenium.ElementClickInterceptedException: element click intercepted: Element &amp;lt;iframe frameborder=&amp;quot;0&amp;quot; style=&amp;quot;z-index:10003;display: block; padding: 0; margin: 0; width:100%; height: 467px; &amp;quot; id=&amp;quot;DialogFrame_0&amp;quot; src=&amp;quot;http://OS-2K12-VM336:8080/Role.do&amp;quot; cd_frame_id_=&amp;quot;ec93dab816447f2fa34093d1088d369b&amp;quot;&amp;gt;&amp;lt;/iframe&amp;gt; is not clickable at point (365, 477). Other element would receive the click: &amp;lt;iframe frameborder=&amp;quot;0&amp;quot; style=&amp;quot;z-index:10003;display: block; padding: 0; margin: 0; width:100%; height: 507px; &amp;quot; id=&amp;quot;DialogFrame_1&amp;quot; src=&amp;quot;/RoleAdd.do&amp;quot; cd_frame_id_=&amp;quot;7fd37c11677811990544dc3326400a1c&amp;quot;&amp;gt;&amp;lt;/iframe&amp;gt;
  (Session info: chrome=76.0.3809.132)
Build info: version: &amp;apos;3.14.0&amp;apos;, revision: &amp;apos;aacccce0&amp;apos;, time: &amp;apos;2018-08-02T20:19:58.91Z&amp;apos;
System info: host: &amp;apos;OS-2K12-VM385&amp;apos;, ip: &amp;apos;10.90.20.63&amp;apos;, os.name: &amp;apos;Windows Server 2012 R2&amp;apos;, os.arch: &amp;apos;amd64&amp;apos;, os.version: &amp;apos;6.3&amp;apos;, java.version: &amp;apos;1.8.0_191&amp;apos;
Driver info: org.openqa.selenium.chrome.ChromeDriver
Capabilities {acceptInsecureCerts: false, browserName: chrome, browserVersion: 76.0.3809.132, chrome: {chromedriverVersion: 76.0.3809.126 (d80a294506b4..., userDataDir: C:\Users\ADMINI~1\AppData\L...}, goog:chromeOptions: {debuggerAddress: localhost:55055}, javascriptEnabled: true, networkConnectionEnabled: false, pageLoadStrategy: normal, platform: XP, platformName: XP, proxy: Proxy(), setWindowRect: true, strictFileInteractability: false, timeouts: {implicit: 0, pageLoad: 300000, script: 30000}, unhandledPromptBehavior: dismiss and notify}
Session ID: eeb6d26665f8719f0424d29526d3ffb1">
      <![CDATA[cucumber.runtime.CucumberException: org.openqa.selenium.ElementClickInterceptedException: element click intercepted: Element <iframe frameborder="0" style="z-index:10003;display: block; padding: 0; margin: 0; width:100%; height: 467px; " id="DialogFrame_0" src="http://OS-2K12-VM336:8080/Role.do" cd_frame_id_="ec93dab816447f2fa34093d1088d369b"></iframe> is not clickable at point (365, 477). Other element would receive the click: <iframe frameborder="0" style="z-index:10003;display: block; padding: 0; margin: 0; width:100%; height: 507px; " id="DialogFrame_1" src="/RoleAdd.do" cd_frame_id_="7fd37c11677811990544dc3326400a1c"></iframe>
  (Session info: chrome=76.0.3809.132)
Build info: version: '3.14.0', revision: 'aacccce0', time: '2018-08-02T20:19:58.91Z'
System info: host: 'OS-2K12-VM385', ip: '10.90.20.63', os.name: 'Windows Server 2012 R2', os.arch: 'amd64', os.version: '6.3', java.version: '1.8.0_191'
Driver info: org.openqa.selenium.chrome.ChromeDriver
Capabilities {acceptInsecureCerts: false, browserName: chrome, browserVersion: 76.0.3809.132, chrome: {chromedriverVersion: 76.0.3809.126 (d80a294506b4..., userDataDir: C:\Users\ADMINI~1\AppData\L...}, goog:chromeOptions: {debuggerAddress: localhost:55055}, javascriptEnabled: true, networkConnectionEnabled: false, pageLoadStrategy: normal, platform: XP, platformName: XP, proxy: Proxy(), setWindowRect: true, strictFileInteractability: false, timeouts: {implicit: 0, pageLoad: 300000, script: 30000}, unhandledPromptBehavior: dismiss and notify}
Session ID: eeb6d26665f8719f0424d29526d3ffb1
at cucumber.api.testng.TestNGCucumberRunner.runCucumber(TestNGCucumberRunner.java:69)
at cucumber.api.testng.AbstractTestNGCucumberTests.feature(AbstractTestNGCucumberTests.java:21)
Caused by: org.openqa.selenium.ElementClickInterceptedException: element click intercepted: Element <iframe frameborder="0" style="z-index:10003;display: block; padding: 0; margin: 0; width:100%; height: 467px; " id="DialogFrame_0" src="http://OS-2K12-VM336:8080/Role.do" cd_frame_id_="ec93dab816447f2fa34093d1088d369b"></iframe> is not clickable at point (365, 477). Other element would receive the click: <iframe frameborder="0" style="z-index:10003;display: block; padding: 0; margin: 0; width:100%; height: 507px; " id="DialogFrame_1" src="/RoleAdd.do" cd_frame_id_="7fd37c11677811990544dc3326400a1c"></iframe>
  (Session info: chrome=76.0.3809.132)
Build info: version: '3.14.0', revision: 'aacccce0', time: '2018-08-02T20:19:58.91Z'
System info: host: 'OS-2K12-VM385', ip: '10.90.20.63', os.name: 'Windows Server 2012 R2', os.arch: 'amd64', os.version: '6.3', java.version: '1.8.0_191'
Driver info: org.openqa.selenium.chrome.ChromeDriver
Capabilities {acceptInsecureCerts: false, browserName: chrome, browserVersion: 76.0.3809.132, chrome: {chromedriverVersion: 76.0.3809.126 (d80a294506b4..., userDataDir: C:\Users\ADMINI~1\AppData\L...}, goog:chromeOptions: {debuggerAddress: localhost:55055}, javascriptEnabled: true, networkConnectionEnabled: false, pageLoadStrategy: normal, platform: XP, platformName: XP, proxy: Proxy(), setWindowRect: true, strictFileInteractability: false, timeouts: {implicit: 0, pageLoad: 300000, script: 30000}, unhandledPromptBehavior: dismiss and notify}
Session ID: eeb6d26665f8719f0424d29526d3ffb1
at org.openqa.selenium.remote.http.W3CHttpResponseCodec.createException(W3CHttpResponseCodec.java:187)
at org.openqa.selenium.remote.http.W3CHttpResponseCodec.decode(W3CHttpResponseCodec.java:122)
at org.openqa.selenium.remote.http.W3CHttpResponseCodec.decode(W3CHttpResponseCodec.java:49)
at org.openqa.selenium.remote.HttpCommandExecutor.execute(HttpCommandExecutor.java:158)
at org.openqa.selenium.remote.service.DriverCommandExecutor.execute(DriverCommandExecutor.java:83)
at org.openqa.selenium.remote.RemoteWebDriver.execute(RemoteWebDriver.java:548)
at org.openqa.selenium.remote.RemoteWebElement.execute(RemoteWebElement.java:276)
at org.openqa.selenium.remote.RemoteWebElement.click(RemoteWebElement.java:83)
at org.openqa.selenium.support.events.EventFiringWebDriver$EventFiringWebElement.lambda$new$0(EventFiringWebDriver.java:403)
at com.sun.proxy.$Proxy20.click(Unknown Source)
at org.openqa.selenium.support.events.EventFiringWebDriver$EventFiringWebElement.click(EventFiringWebDriver.java:416)
at org.openqa.selenium.support.pagefactory.internal.LocatingElementHandler.invoke(LocatingElementHandler.java:51)
at com.sun.proxy.$Proxy19.click(Unknown Source)
at com.os.qa.pages.RolesPage.clickCloseRoles(RolesPage.java:63)
at com.os.qa.stepDefinitions.HomePageSteps.user_closes_add_role_window(HomePageSteps.java:160)
at ✽.Then user closes add role window(login.feature:84)
... Removed 37 stack frames]]>
    </failure>
  </testcase> <!-- feature -->
</testsuite> <!-- OneSight Smoke Testing -->
